[2018-05-27 11:28:06,637] INFO [Controller 0]: Controller starting up (kafka.controller.KafkaController)
[2018-05-27 11:28:06,857] INFO [Controller 0]: Broker 0 starting become controller state transition (kafka.controller.KafkaController)
[2018-05-27 11:28:06,861] INFO [Controller 0]: Initialized controller epoch to 25 and zk version 24 (kafka.controller.KafkaController)
[2018-05-27 11:28:06,918] INFO [Controller 0]: Controller 0 incremented epoch to 26 (kafka.controller.KafkaController)
[2018-05-27 11:28:06,936] DEBUG [Controller 0]: Registering IsrChangeNotificationListener (kafka.controller.KafkaController)
[2018-05-27 11:28:07,081] INFO [Controller 0]: Partitions undergoing preferred replica election:  (kafka.controller.KafkaController)
[2018-05-27 11:28:07,083] INFO [Controller 0]: Partitions that completed preferred replica election:  (kafka.controller.KafkaController)
[2018-05-27 11:28:07,084] INFO [Controller 0]: Resuming preferred replica election for partitions:  (kafka.controller.KafkaController)
[2018-05-27 11:28:07,105] INFO [Controller 0]: Partitions being reassigned: Map() (kafka.controller.KafkaController)
[2018-05-27 11:28:07,107] INFO [Controller 0]: Partitions already reassigned: Set() (kafka.controller.KafkaController)
[2018-05-27 11:28:07,109] INFO [Controller 0]: Resuming reassignment of partitions: Map() (kafka.controller.KafkaController)
[2018-05-27 11:28:07,161] INFO [Controller 0]: List of topics to be deleted:  (kafka.controller.KafkaController)
[2018-05-27 11:28:07,162] INFO [Controller 0]: List of topics ineligible for deletion: test (kafka.controller.KafkaController)
[2018-05-27 11:28:07,177] INFO [Controller 0]: Currently active brokers in the cluster: Set() (kafka.controller.KafkaController)
[2018-05-27 11:28:07,189] INFO [Controller 0]: Currently shutting brokers in the cluster: Set() (kafka.controller.KafkaController)
[2018-05-27 11:28:07,191] INFO [Controller 0]: Current list of topics in the cluster: Set(test) (kafka.controller.KafkaController)
[2018-05-27 11:28:07,204] INFO [Replica state machine on controller 0]: Started replica state machine with initial state -> Map([Topic=test,Partition=0,Replica=0] -> ReplicaDeletionIneligible) (kafka.controller.ReplicaStateMachine)
[2018-05-27 11:28:07,246] DEBUG [OfflinePartitionLeaderSelector]: No broker in ISR is alive for [test,0]. Pick the leader from the alive assigned replicas:  (kafka.controller.OfflinePartitionLeaderSelector)
[2018-05-27 11:28:07,312] INFO [Partition state machine on Controller 0]: Started partition state machine with initial state -> Map([test,0] -> OfflinePartition) (kafka.controller.PartitionStateMachine)
[2018-05-27 11:28:07,319] INFO [Controller 0]: Broker 0 is ready to serve as the new controller with epoch 26 (kafka.controller.KafkaController)
[2018-05-27 11:28:07,322] INFO [Controller 0]: Starting preferred replica leader election for partitions  (kafka.controller.KafkaController)
[2018-05-27 11:28:07,324] INFO [Partition state machine on Controller 0]: Invoking state change to OnlinePartition for partitions  (kafka.controller.PartitionStateMachine)
[2018-05-27 11:28:07,376] INFO [Controller 0]: starting the partition rebalance scheduler (kafka.controller.KafkaController)
[2018-05-27 11:28:07,378] INFO [Controller 0]: Controller startup complete (kafka.controller.KafkaController)
[2018-05-27 11:28:07,626] INFO [BrokerChangeListener on Controller 0]: Broker change listener fired for path /brokers/ids with children 0 (kafka.controller.ReplicaStateMachine$BrokerChangeListener)
[2018-05-27 11:28:07,669] INFO [BrokerChangeListener on Controller 0]: Newly added brokers: 0, deleted brokers: , all live brokers: 0 (kafka.controller.ReplicaStateMachine$BrokerChangeListener)
[2018-05-27 11:28:07,672] DEBUG [Channel manager on controller 0]: Controller 0 trying to connect to broker 0 (kafka.controller.ControllerChannelManager)
[2018-05-27 11:28:07,689] INFO [Controller-0-to-broker-0-send-thread], Starting  (kafka.controller.RequestSendThread)
[2018-05-27 11:28:07,691] INFO [Controller 0]: New broker startup callback for 0 (kafka.controller.KafkaController)
[2018-05-27 11:28:07,752] INFO [Replica state machine on controller 0]: Invoking state change to OnlineReplica for replicas [Topic=test,Partition=0,Replica=0] (kafka.controller.ReplicaStateMachine)
[2018-05-27 11:28:07,769] INFO [Controller-0-to-broker-0-send-thread], Controller 0 connected to binglaudembp.lan:9092 (id: 0 rack: null) for sending state change requests (kafka.controller.RequestSendThread)
[2018-05-27 11:28:07,911] DEBUG [OfflinePartitionLeaderSelector]: Some broker in ISR is alive for [test,0]. Select 0 from ISR 0 to be the leader. (kafka.controller.OfflinePartitionLeaderSelector)
[2018-05-27 11:28:07,920] INFO [OfflinePartitionLeaderSelector]: Selected new leader and ISR {"leader":0,"leader_epoch":13,"isr":[0]} for offline partition [test,0] (kafka.controller.OfflinePartitionLeaderSelector)
[2018-05-27 11:28:07,994] DEBUG [Partition state machine on Controller 0]: After leader election, leader cache is updated to Map([test,0] -> (Leader:0,ISR:0,LeaderEpoch:13,ControllerEpoch:26)) (kafka.controller.PartitionStateMachine)
[2018-05-27 11:28:12,384] TRACE [Controller 0]: checking need to trigger partition rebalance (kafka.controller.KafkaController)
[2018-05-27 11:28:12,389] DEBUG [Controller 0]: preferred replicas by broker Map(0 -> Map([test,0] -> List(0))) (kafka.controller.KafkaController)
[2018-05-27 11:28:12,394] DEBUG [Controller 0]: topics not in preferred replica Map() (kafka.controller.KafkaController)
[2018-05-27 11:28:12,396] TRACE [Controller 0]: leader imbalance ratio for broker 0 is 0.000000 (kafka.controller.KafkaController)
