[2018-05-27 11:28:07,221] TRACE Controller 0 epoch 26 started leader election for partition [test,0] (state.change.logger)
[2018-05-27 11:28:07,251] ERROR Controller 0 epoch 26 initiated state change for partition [test,0] from OfflinePartition to OnlinePartition failed (state.change.logger)
kafka.common.NoReplicaOnlineException: No replica for partition [test,0] is alive. Live brokers are: [Set()], Assigned replicas are: [List(0)]
	at kafka.controller.OfflinePartitionLeaderSelector.selectLeader(PartitionLeaderSelector.scala:73)
	at kafka.controller.PartitionStateMachine.electLeaderForPartition(PartitionStateMachine.scala:344)
	at kafka.controller.PartitionStateMachine.kafka$controller$PartitionStateMachine$$handleStateChange(PartitionStateMachine.scala:205)
	at kafka.controller.PartitionStateMachine$$anonfun$triggerOnlinePartitionStateChange$3.apply(PartitionStateMachine.scala:120)
	at kafka.controller.PartitionStateMachine$$anonfun$triggerOnlinePartitionStateChange$3.apply(PartitionStateMachine.scala:117)
	at scala.collection.TraversableLike$WithFilter$$anonfun$foreach$1.apply(TraversableLike.scala:772)
	at scala.collection.mutable.HashMap$$anonfun$foreach$1.apply(HashMap.scala:98)
	at scala.collection.mutable.HashMap$$anonfun$foreach$1.apply(HashMap.scala:98)
	at scala.collection.mutable.HashTable$class.foreachEntry(HashTable.scala:226)
	at scala.collection.mutable.HashMap.foreachEntry(HashMap.scala:39)
	at scala.collection.mutable.HashMap.foreach(HashMap.scala:98)
	at scala.collection.TraversableLike$WithFilter.foreach(TraversableLike.scala:771)
	at kafka.controller.PartitionStateMachine.triggerOnlinePartitionStateChange(PartitionStateMachine.scala:117)
	at kafka.controller.PartitionStateMachine.startup(PartitionStateMachine.scala:70)
	at kafka.controller.KafkaController.onControllerFailover(KafkaController.scala:336)
	at kafka.controller.KafkaController$$anonfun$1.apply$mcV$sp(KafkaController.scala:167)
	at kafka.server.ZookeeperLeaderElector.elect(ZookeeperLeaderElector.scala:84)
	at kafka.server.ZookeeperLeaderElector$$anonfun$startup$1.apply$mcZ$sp(ZookeeperLeaderElector.scala:50)
	at kafka.server.ZookeeperLeaderElector$$anonfun$startup$1.apply(ZookeeperLeaderElector.scala:48)
	at kafka.server.ZookeeperLeaderElector$$anonfun$startup$1.apply(ZookeeperLeaderElector.scala:48)
	at kafka.utils.CoreUtils$.inLock(CoreUtils.scala:234)
	at kafka.server.ZookeeperLeaderElector.startup(ZookeeperLeaderElector.scala:48)
	at kafka.controller.KafkaController$$anonfun$startup$1.apply$mcV$sp(KafkaController.scala:676)
	at kafka.controller.KafkaController$$anonfun$startup$1.apply(KafkaController.scala:672)
	at kafka.controller.KafkaController$$anonfun$startup$1.apply(KafkaController.scala:672)
	at kafka.utils.CoreUtils$.inLock(CoreUtils.scala:234)
	at kafka.controller.KafkaController.startup(KafkaController.scala:672)
	at kafka.server.KafkaServer.startup(KafkaServer.scala:228)
	at kafka.server.KafkaServerStartable.startup(KafkaServerStartable.scala:39)
	at kafka.Kafka$.main(Kafka.scala:67)
	at kafka.Kafka.main(Kafka.scala)
[2018-05-27 11:28:07,695] TRACE Controller 0 epoch 26 sending UpdateMetadata request (Leader:0,ISR:0,LeaderEpoch:12,ControllerEpoch:25) to broker 0 for partition test-0 (state.change.logger)
[2018-05-27 11:28:07,772] TRACE Controller 0 epoch 26 changed state of replica 0 for partition [test,0] from ReplicaDeletionIneligible to OnlineReplica (state.change.logger)
[2018-05-27 11:28:07,778] TRACE Controller 0 epoch 26 sending become-leader LeaderAndIsr request (Leader:0,ISR:0,LeaderEpoch:12,ControllerEpoch:25) to broker 0 for partition [test,0] (state.change.logger)
[2018-05-27 11:28:07,806] TRACE Controller 0 epoch 26 sending UpdateMetadata request (Leader:0,ISR:0,LeaderEpoch:12,ControllerEpoch:25) to broker 0 for partition test-0 (state.change.logger)
[2018-05-27 11:28:07,807] TRACE Controller 0 epoch 26 started leader election for partition [test,0] (state.change.logger)
[2018-05-27 11:28:07,906] TRACE Broker 0 cached leader info (LeaderAndIsrInfo:(Leader:0,ISR:0,LeaderEpoch:12,ControllerEpoch:25),ReplicationFactor:1),AllReplicas:0) for partition test-0 in response to UpdateMetadata request sent by controller 0 epoch 26 with correlation id 0 (state.change.logger)
[2018-05-27 11:28:07,924] TRACE Controller 0 epoch 26 received response {error_code=0} for a request sent to broker binglaudembp.lan:9092 (id: 0 rack: null) (state.change.logger)
[2018-05-27 11:28:07,988] TRACE Controller 0 epoch 26 elected leader 0 for Offline partition [test,0] (state.change.logger)
[2018-05-27 11:28:07,999] TRACE Controller 0 epoch 26 changed partition [test,0] from OfflinePartition to OnlinePartition with leader 0 (state.change.logger)
[2018-05-27 11:28:08,000] TRACE Controller 0 epoch 26 sending become-leader LeaderAndIsr request (Leader:0,ISR:0,LeaderEpoch:13,ControllerEpoch:26) to broker 0 for partition [test,0] (state.change.logger)
[2018-05-27 11:28:08,001] TRACE Controller 0 epoch 26 sending UpdateMetadata request (Leader:0,ISR:0,LeaderEpoch:13,ControllerEpoch:26) to broker 0 for partition test-0 (state.change.logger)
[2018-05-27 11:28:08,341] TRACE Broker 0 received LeaderAndIsr request PartitionState(controllerEpoch=25, leader=0, leaderEpoch=12, isr=[0], zkVersion=12, replicas=[0]) correlation id 1 from controller 0 epoch 26 for partition [test,0] (state.change.logger)
[2018-05-27 11:28:08,367] TRACE Broker 0 handling LeaderAndIsr request correlationId 1 from controller 0 epoch 26 starting the become-leader transition for partition [test,0] (state.change.logger)
[2018-05-27 11:28:08,425] TRACE Broker 0 stopped fetchers as part of become-leader request from controller 0 epoch 26 with correlation id 1 for partition [test,0] (state.change.logger)
[2018-05-27 11:28:08,428] TRACE Broker 0 completed LeaderAndIsr request correlationId 1 from controller 0 epoch 26 for the become-leader transition for partition [test,0] (state.change.logger)
[2018-05-27 11:28:08,441] TRACE Controller 0 epoch 26 received response {error_code=0,partitions=[{topic=test,partition=0,error_code=0}]} for a request sent to broker binglaudembp.lan:9092 (id: 0 rack: null) (state.change.logger)
[2018-05-27 11:28:08,444] TRACE Broker 0 cached leader info (LeaderAndIsrInfo:(Leader:0,ISR:0,LeaderEpoch:12,ControllerEpoch:25),ReplicationFactor:1),AllReplicas:0) for partition test-0 in response to UpdateMetadata request sent by controller 0 epoch 26 with correlation id 2 (state.change.logger)
[2018-05-27 11:28:08,445] TRACE Controller 0 epoch 26 received response {error_code=0} for a request sent to broker binglaudembp.lan:9092 (id: 0 rack: null) (state.change.logger)
[2018-05-27 11:28:08,447] TRACE Broker 0 received LeaderAndIsr request PartitionState(controllerEpoch=26, leader=0, leaderEpoch=13, isr=[0], zkVersion=13, replicas=[0]) correlation id 3 from controller 0 epoch 26 for partition [test,0] (state.change.logger)
[2018-05-27 11:28:08,451] TRACE Broker 0 handling LeaderAndIsr request correlationId 3 from controller 0 epoch 26 starting the become-leader transition for partition [test,0] (state.change.logger)
[2018-05-27 11:28:08,454] INFO Broker 0 skipped the become-leader state change after marking its partition as leader with correlation id 3 from controller 0 epoch 26 for partition [test,0] since it is already the leader for the partition. (state.change.logger)
[2018-05-27 11:28:08,454] TRACE Broker 0 completed LeaderAndIsr request correlationId 3 from controller 0 epoch 26 for the become-leader transition for partition [test,0] (state.change.logger)
[2018-05-27 11:28:08,459] TRACE Controller 0 epoch 26 received response {error_code=0,partitions=[{topic=test,partition=0,error_code=0}]} for a request sent to broker binglaudembp.lan:9092 (id: 0 rack: null) (state.change.logger)
[2018-05-27 11:28:08,460] TRACE Broker 0 cached leader info (LeaderAndIsrInfo:(Leader:0,ISR:0,LeaderEpoch:13,ControllerEpoch:26),ReplicationFactor:1),AllReplicas:0) for partition test-0 in response to UpdateMetadata request sent by controller 0 epoch 26 with correlation id 4 (state.change.logger)
[2018-05-27 11:28:08,461] TRACE Controller 0 epoch 26 received response {error_code=0} for a request sent to broker binglaudembp.lan:9092 (id: 0 rack: null) (state.change.logger)
